<?xml version="1.0" encoding="UTF-8"?>
<testsuite name="com.team23.game.SimpleTest" tests="1" skipped="0" failures="0" errors="0" timestamp="2021-02-04T21:48:52" hostname="CUBE" time="0.0">
  <properties/>
  <testcase name="simpleAssertion" classname="com.team23.game.SimpleTest" time="0.0"/>
  <system-out><![CDATA[]]></system-out>
  <system-err><![CDATA[]]></system-err>
</testsuite>
