<?xml version="1.0" encoding="UTF-8"?>
<testsuite name="com.team23.game.ai.Graph" tests="1" skipped="0" failures="0" errors="0" timestamp="2021-02-04T21:48:52" hostname="CUBE" time="0.003">
  <properties/>
  <testcase name="nearestNode" classname="com.team23.game.ai.Graph" time="0.003"/>
  <system-out><![CDATA[]]></system-out>
  <system-err><![CDATA[]]></system-err>
</testsuite>
