<?xml version="1.0" encoding="UTF-8"?>
<testsuite name="com.team23.game.ai.Queue" tests="2" skipped="0" failures="0" errors="0" timestamp="2021-02-04T21:48:52" hostname="CUBE" time="0.001">
  <properties/>
  <testcase name="testPop" classname="com.team23.game.ai.Queue" time="0.001"/>
  <testcase name="testPrioritypop" classname="com.team23.game.ai.Queue" time="0.0"/>
  <system-out><![CDATA[]]></system-out>
  <system-err><![CDATA[]]></system-err>
</testsuite>
